[2019-11-08 14:34:11,937] DEBUG preRegister called. Server=com.sun.jmx.mbeanserver.JmxMBeanServer@66d3c617, name=log4j:logger=state.change.logger (state.change.logger)
[2019-11-08 14:34:48,253] TRACE [Controller id=0 epoch=82] Sending UpdateMetadata request PartitionState(controllerEpoch=3, leader=0, leaderEpoch=0, isr=[0], zkVersion=0, replicas=[0], offlineReplicas=[]) to brokers Set(0) for partition DeleteItem-0 (state.change.logger)
[2019-11-08 14:34:48,254] TRACE [Controller id=0 epoch=82] Sending UpdateMetadata request PartitionState(controllerEpoch=1, leader=0, leaderEpoch=0, isr=[0], zkVersion=0, replicas=[0], offlineReplicas=[]) to brokers Set(0) for partition Login-0 (state.change.logger)
[2019-11-08 14:34:48,254] TRACE [Controller id=0 epoch=82] Sending UpdateMetadata request PartitionState(controllerEpoch=13, leader=0, leaderEpoch=0, isr=[0], zkVersion=0, replicas=[0], offlineReplicas=[]) to brokers Set(0) for partition UpdateUserProfile-0 (state.change.logger)
[2019-11-08 14:34:48,254] TRACE [Controller id=0 epoch=82] Sending UpdateMetadata request PartitionState(controllerEpoch=1, leader=0, leaderEpoch=0, isr=[0], zkVersion=0, replicas=[0], offlineReplicas=[]) to brokers Set(0) for partition UserLogin-0 (state.change.logger)
[2019-11-08 14:34:48,254] TRACE [Controller id=0 epoch=82] Sending UpdateMetadata request PartitionState(controllerEpoch=14, leader=0, leaderEpoch=0, isr=[0], zkVersion=0, replicas=[0], offlineReplicas=[]) to brokers Set(0) for partition FetchItems-0 (state.change.logger)
[2019-11-08 14:34:48,254] TRACE [Controller id=0 epoch=82] Sending UpdateMetadata request PartitionState(controllerEpoch=1, leader=0, leaderEpoch=0, isr=[0], zkVersion=0, replicas=[0], offlineReplicas=[]) to brokers Set(0) for partition PlaceOrder-0 (state.change.logger)
[2019-11-08 14:34:48,254] TRACE [Controller id=0 epoch=82] Sending UpdateMetadata request PartitionState(controllerEpoch=13, leader=0, leaderEpoch=0, isr=[0], zkVersion=0, replicas=[0], offlineReplicas=[]) to brokers Set(0) for partition OrderStatus-0 (state.change.logger)
[2019-11-08 14:34:48,254] TRACE [Controller id=0 epoch=82] Sending UpdateMetadata request PartitionState(controllerEpoch=13, leader=0, leaderEpoch=0, isr=[0], zkVersion=0, replicas=[0], offlineReplicas=[]) to brokers Set(0) for partition RestaurantOrders-0 (state.change.logger)
[2019-11-08 14:34:48,254] TRACE [Controller id=0 epoch=82] Sending UpdateMetadata request PartitionState(controllerEpoch=14, leader=0, leaderEpoch=0, isr=[0], zkVersion=0, replicas=[0], offlineReplicas=[]) to brokers Set(0) for partition DisplayOwnerProfile-0 (state.change.logger)
[2019-11-08 14:34:48,254] TRACE [Controller id=0 epoch=82] Sending UpdateMetadata request PartitionState(controllerEpoch=14, leader=0, leaderEpoch=0, isr=[0], zkVersion=0, replicas=[0], offlineReplicas=[]) to brokers Set(0) for partition Updateitem-0 (state.change.logger)
[2019-11-08 14:34:48,254] TRACE [Controller id=0 epoch=82] Sending UpdateMetadata request PartitionState(controllerEpoch=14, leader=0, leaderEpoch=0, isr=[0], zkVersion=0, replicas=[0], offlineReplicas=[]) to brokers Set(0) for partition AddItems-0 (state.change.logger)
[2019-11-08 14:34:48,254] TRACE [Controller id=0 epoch=82] Sending UpdateMetadata request PartitionState(controllerEpoch=1, leader=0, leaderEpoch=0, isr=[0], zkVersion=0, replicas=[0], offlineReplicas=[]) to brokers Set(0) for partition UserOrders-0 (state.change.logger)
[2019-11-08 14:34:48,254] TRACE [Controller id=0 epoch=82] Sending UpdateMetadata request PartitionState(controllerEpoch=1, leader=0, leaderEpoch=0, isr=[0], zkVersion=0, replicas=[0], offlineReplicas=[]) to brokers Set(0) for partition search-0 (state.change.logger)
[2019-11-08 14:34:48,254] TRACE [Controller id=0 epoch=82] Sending UpdateMetadata request PartitionState(controllerEpoch=3, leader=0, leaderEpoch=0, isr=[0], zkVersion=0, replicas=[0], offlineReplicas=[]) to brokers Set(0) for partition OwnerSignUp-0 (state.change.logger)
[2019-11-08 14:34:48,254] TRACE [Controller id=0 epoch=82] Sending UpdateMetadata request PartitionState(controllerEpoch=1, leader=0, leaderEpoch=0, isr=[0], zkVersion=0, replicas=[0], offlineReplicas=[]) to brokers Set(0) for partition UserSignUp-0 (state.change.logger)
[2019-11-08 14:34:48,254] TRACE [Controller id=0 epoch=82] Sending UpdateMetadata request PartitionState(controllerEpoch=1, leader=0, leaderEpoch=0, isr=[0], zkVersion=0, replicas=[0], offlineReplicas=[]) to brokers Set(0) for partition DisplayUserProfile-0 (state.change.logger)
[2019-11-08 14:34:48,255] TRACE [Controller id=0 epoch=82] Sending UpdateMetadata request PartitionState(controllerEpoch=1, leader=0, leaderEpoch=0, isr=[0], zkVersion=0, replicas=[0], offlineReplicas=[]) to brokers Set(0) for partition response_topic-0 (state.change.logger)
[2019-11-08 14:34:48,255] TRACE [Controller id=0 epoch=82] Sending UpdateMetadata request PartitionState(controllerEpoch=3, leader=0, leaderEpoch=0, isr=[0], zkVersion=0, replicas=[0], offlineReplicas=[]) to brokers Set(0) for partition AddCategory-0 (state.change.logger)
[2019-11-08 14:34:48,305] TRACE [Broker id=0] Cached leader info PartitionState(controllerEpoch=1, leader=0, leaderEpoch=0, isr=[0], zkVersion=0, replicas=[0], offlineReplicas=[]) for partition DisplayUserProfile-0 in response to UpdateMetadata request sent by controller 0 epoch 82 with correlation id 0 (state.change.logger)
[2019-11-08 14:34:48,305] TRACE [Broker id=0] Cached leader info PartitionState(controllerEpoch=14, leader=0, leaderEpoch=0, isr=[0], zkVersion=0, replicas=[0], offlineReplicas=[]) for partition Updateitem-0 in response to UpdateMetadata request sent by controller 0 epoch 82 with correlation id 0 (state.change.logger)
[2019-11-08 14:34:48,305] TRACE [Broker id=0] Cached leader info PartitionState(controllerEpoch=14, leader=0, leaderEpoch=0, isr=[0], zkVersion=0, replicas=[0], offlineReplicas=[]) for partition DisplayOwnerProfile-0 in response to UpdateMetadata request sent by controller 0 epoch 82 with correlation id 0 (state.change.logger)
[2019-11-08 14:34:48,305] TRACE [Broker id=0] Cached leader info PartitionState(controllerEpoch=3, leader=0, leaderEpoch=0, isr=[0], zkVersion=0, replicas=[0], offlineReplicas=[]) for partition DeleteItem-0 in response to UpdateMetadata request sent by controller 0 epoch 82 with correlation id 0 (state.change.logger)
[2019-11-08 14:34:48,305] TRACE [Broker id=0] Cached leader info PartitionState(controllerEpoch=1, leader=0, leaderEpoch=0, isr=[0], zkVersion=0, replicas=[0], offlineReplicas=[]) for partition Login-0 in response to UpdateMetadata request sent by controller 0 epoch 82 with correlation id 0 (state.change.logger)
[2019-11-08 14:34:48,306] TRACE [Broker id=0] Cached leader info PartitionState(controllerEpoch=1, leader=0, leaderEpoch=0, isr=[0], zkVersion=0, replicas=[0], offlineReplicas=[]) for partition UserOrders-0 in response to UpdateMetadata request sent by controller 0 epoch 82 with correlation id 0 (state.change.logger)
[2019-11-08 14:34:48,306] TRACE [Broker id=0] Cached leader info PartitionState(controllerEpoch=1, leader=0, leaderEpoch=0, isr=[0], zkVersion=0, replicas=[0], offlineReplicas=[]) for partition response_topic-0 in response to UpdateMetadata request sent by controller 0 epoch 82 with correlation id 0 (state.change.logger)
[2019-11-08 14:34:48,306] TRACE [Broker id=0] Cached leader info PartitionState(controllerEpoch=13, leader=0, leaderEpoch=0, isr=[0], zkVersion=0, replicas=[0], offlineReplicas=[]) for partition UpdateUserProfile-0 in response to UpdateMetadata request sent by controller 0 epoch 82 with correlation id 0 (state.change.logger)
[2019-11-08 14:34:48,306] TRACE [Broker id=0] Cached leader info PartitionState(controllerEpoch=13, leader=0, leaderEpoch=0, isr=[0], zkVersion=0, replicas=[0], offlineReplicas=[]) for partition OrderStatus-0 in response to UpdateMetadata request sent by controller 0 epoch 82 with correlation id 0 (state.change.logger)
[2019-11-08 14:34:48,306] TRACE [Broker id=0] Cached leader info PartitionState(controllerEpoch=1, leader=0, leaderEpoch=0, isr=[0], zkVersion=0, replicas=[0], offlineReplicas=[]) for partition UserSignUp-0 in response to UpdateMetadata request sent by controller 0 epoch 82 with correlation id 0 (state.change.logger)
[2019-11-08 14:34:48,306] TRACE [Broker id=0] Cached leader info PartitionState(controllerEpoch=1, leader=0, leaderEpoch=0, isr=[0], zkVersion=0, replicas=[0], offlineReplicas=[]) for partition search-0 in response to UpdateMetadata request sent by controller 0 epoch 82 with correlation id 0 (state.change.logger)
[2019-11-08 14:34:48,306] TRACE [Broker id=0] Cached leader info PartitionState(controllerEpoch=3, leader=0, leaderEpoch=0, isr=[0], zkVersion=0, replicas=[0], offlineReplicas=[]) for partition OwnerSignUp-0 in response to UpdateMetadata request sent by controller 0 epoch 82 with correlation id 0 (state.change.logger)
[2019-11-08 14:34:48,306] TRACE [Broker id=0] Cached leader info PartitionState(controllerEpoch=13, leader=0, leaderEpoch=0, isr=[0], zkVersion=0, replicas=[0], offlineReplicas=[]) for partition RestaurantOrders-0 in response to UpdateMetadata request sent by controller 0 epoch 82 with correlation id 0 (state.change.logger)
[2019-11-08 14:34:48,306] TRACE [Broker id=0] Cached leader info PartitionState(controllerEpoch=3, leader=0, leaderEpoch=0, isr=[0], zkVersion=0, replicas=[0], offlineReplicas=[]) for partition AddCategory-0 in response to UpdateMetadata request sent by controller 0 epoch 82 with correlation id 0 (state.change.logger)
[2019-11-08 14:34:48,306] TRACE [Broker id=0] Cached leader info PartitionState(controllerEpoch=14, leader=0, leaderEpoch=0, isr=[0], zkVersion=0, replicas=[0], offlineReplicas=[]) for partition AddItems-0 in response to UpdateMetadata request sent by controller 0 epoch 82 with correlation id 0 (state.change.logger)
[2019-11-08 14:34:48,306] TRACE [Broker id=0] Cached leader info PartitionState(controllerEpoch=1, leader=0, leaderEpoch=0, isr=[0], zkVersion=0, replicas=[0], offlineReplicas=[]) for partition PlaceOrder-0 in response to UpdateMetadata request sent by controller 0 epoch 82 with correlation id 0 (state.change.logger)
[2019-11-08 14:34:48,306] TRACE [Broker id=0] Cached leader info PartitionState(controllerEpoch=14, leader=0, leaderEpoch=0, isr=[0], zkVersion=0, replicas=[0], offlineReplicas=[]) for partition FetchItems-0 in response to UpdateMetadata request sent by controller 0 epoch 82 with correlation id 0 (state.change.logger)
[2019-11-08 14:34:48,306] TRACE [Broker id=0] Cached leader info PartitionState(controllerEpoch=1, leader=0, leaderEpoch=0, isr=[0], zkVersion=0, replicas=[0], offlineReplicas=[]) for partition UserLogin-0 in response to UpdateMetadata request sent by controller 0 epoch 82 with correlation id 0 (state.change.logger)
[2019-11-08 14:34:48,307] TRACE [Controller id=0 epoch=82] Changed state of replica 0 for partition UserOrders-0 from OnlineReplica to OnlineReplica (state.change.logger)
[2019-11-08 14:34:48,307] TRACE [Controller id=0 epoch=82] Changed state of replica 0 for partition PlaceOrder-0 from OnlineReplica to OnlineReplica (state.change.logger)
[2019-11-08 14:34:48,307] TRACE [Controller id=0 epoch=82] Changed state of replica 0 for partition UserSignUp-0 from OnlineReplica to OnlineReplica (state.change.logger)
[2019-11-08 14:34:48,307] TRACE [Controller id=0 epoch=82] Changed state of replica 0 for partition UpdateUserProfile-0 from OnlineReplica to OnlineReplica (state.change.logger)
[2019-11-08 14:34:48,309] TRACE [Controller id=0 epoch=82] Changed state of replica 0 for partition DisplayOwnerProfile-0 from OnlineReplica to OnlineReplica (state.change.logger)
[2019-11-08 14:34:48,309] TRACE [Controller id=0 epoch=82] Changed state of replica 0 for partition UserLogin-0 from OnlineReplica to OnlineReplica (state.change.logger)
[2019-11-08 14:34:48,310] TRACE [Controller id=0 epoch=82] Changed state of replica 0 for partition OwnerSignUp-0 from OnlineReplica to OnlineReplica (state.change.logger)
[2019-11-08 14:34:48,310] TRACE [Controller id=0 epoch=82] Changed state of replica 0 for partition OrderStatus-0 from OnlineReplica to OnlineReplica (state.change.logger)
[2019-11-08 14:34:48,310] TRACE [Controller id=0 epoch=82] Changed state of replica 0 for partition AddCategory-0 from OnlineReplica to OnlineReplica (state.change.logger)
[2019-11-08 14:34:48,310] TRACE [Controller id=0 epoch=82] Changed state of replica 0 for partition response_topic-0 from OnlineReplica to OnlineReplica (state.change.logger)
[2019-11-08 14:34:48,311] TRACE [Controller id=0 epoch=82] Changed state of replica 0 for partition RestaurantOrders-0 from OnlineReplica to OnlineReplica (state.change.logger)
[2019-11-08 14:34:48,311] TRACE [Controller id=0 epoch=82] Changed state of replica 0 for partition search-0 from OnlineReplica to OnlineReplica (state.change.logger)
[2019-11-08 14:34:48,312] TRACE [Controller id=0 epoch=82] Received response {error_code=0} for request UPDATE_METADATA with correlation id 0 sent to broker 10.251.16.206:9092 (id: 0 rack: null) (state.change.logger)
[2019-11-08 14:34:48,312] TRACE [Controller id=0 epoch=82] Changed state of replica 0 for partition Login-0 from OnlineReplica to OnlineReplica (state.change.logger)
[2019-11-08 14:34:48,313] TRACE [Controller id=0 epoch=82] Changed state of replica 0 for partition DeleteItem-0 from OnlineReplica to OnlineReplica (state.change.logger)
[2019-11-08 14:34:48,313] TRACE [Controller id=0 epoch=82] Changed state of replica 0 for partition AddItems-0 from OnlineReplica to OnlineReplica (state.change.logger)
[2019-11-08 14:34:48,313] TRACE [Controller id=0 epoch=82] Changed state of replica 0 for partition DisplayUserProfile-0 from OnlineReplica to OnlineReplica (state.change.logger)
[2019-11-08 14:34:48,313] TRACE [Controller id=0 epoch=82] Changed state of replica 0 for partition Updateitem-0 from OnlineReplica to OnlineReplica (state.change.logger)
[2019-11-08 14:34:48,313] TRACE [Controller id=0 epoch=82] Changed state of replica 0 for partition FetchItems-0 from OnlineReplica to OnlineReplica (state.change.logger)
[2019-11-08 14:34:48,315] TRACE [Controller id=0 epoch=82] Sending become-leader LeaderAndIsr request PartitionState(controllerEpoch=3, leader=0, leaderEpoch=0, isr=0, zkVersion=0, replicas=0, isNew=false) to broker 0 for partition DeleteItem-0 (state.change.logger)
[2019-11-08 14:34:48,315] TRACE [Controller id=0 epoch=82] Sending become-leader LeaderAndIsr request PartitionState(controllerEpoch=1, leader=0, leaderEpoch=0, isr=0, zkVersion=0, replicas=0, isNew=false) to broker 0 for partition Login-0 (state.change.logger)
[2019-11-08 14:34:48,315] TRACE [Controller id=0 epoch=82] Sending become-leader LeaderAndIsr request PartitionState(controllerEpoch=13, leader=0, leaderEpoch=0, isr=0, zkVersion=0, replicas=0, isNew=false) to broker 0 for partition UpdateUserProfile-0 (state.change.logger)
[2019-11-08 14:34:48,315] TRACE [Controller id=0 epoch=82] Sending become-leader LeaderAndIsr request PartitionState(controllerEpoch=1, leader=0, leaderEpoch=0, isr=0, zkVersion=0, replicas=0, isNew=false) to broker 0 for partition UserLogin-0 (state.change.logger)
[2019-11-08 14:34:48,315] TRACE [Controller id=0 epoch=82] Sending become-leader LeaderAndIsr request PartitionState(controllerEpoch=14, leader=0, leaderEpoch=0, isr=0, zkVersion=0, replicas=0, isNew=false) to broker 0 for partition FetchItems-0 (state.change.logger)
[2019-11-08 14:34:48,315] TRACE [Controller id=0 epoch=82] Sending become-leader LeaderAndIsr request PartitionState(controllerEpoch=1, leader=0, leaderEpoch=0, isr=0, zkVersion=0, replicas=0, isNew=false) to broker 0 for partition PlaceOrder-0 (state.change.logger)
[2019-11-08 14:34:48,315] TRACE [Controller id=0 epoch=82] Sending become-leader LeaderAndIsr request PartitionState(controllerEpoch=13, leader=0, leaderEpoch=0, isr=0, zkVersion=0, replicas=0, isNew=false) to broker 0 for partition OrderStatus-0 (state.change.logger)
[2019-11-08 14:34:48,315] TRACE [Controller id=0 epoch=82] Sending become-leader LeaderAndIsr request PartitionState(controllerEpoch=14, leader=0, leaderEpoch=0, isr=0, zkVersion=0, replicas=0, isNew=false) to broker 0 for partition DisplayOwnerProfile-0 (state.change.logger)
[2019-11-08 14:34:48,315] TRACE [Controller id=0 epoch=82] Sending become-leader LeaderAndIsr request PartitionState(controllerEpoch=13, leader=0, leaderEpoch=0, isr=0, zkVersion=0, replicas=0, isNew=false) to broker 0 for partition RestaurantOrders-0 (state.change.logger)
[2019-11-08 14:34:48,315] TRACE [Controller id=0 epoch=82] Sending become-leader LeaderAndIsr request PartitionState(controllerEpoch=14, leader=0, leaderEpoch=0, isr=0, zkVersion=0, replicas=0, isNew=false) to broker 0 for partition Updateitem-0 (state.change.logger)
[2019-11-08 14:34:48,315] TRACE [Controller id=0 epoch=82] Sending become-leader LeaderAndIsr request PartitionState(controllerEpoch=14, leader=0, leaderEpoch=0, isr=0, zkVersion=0, replicas=0, isNew=false) to broker 0 for partition AddItems-0 (state.change.logger)
[2019-11-08 14:34:48,315] TRACE [Controller id=0 epoch=82] Sending become-leader LeaderAndIsr request PartitionState(controllerEpoch=1, leader=0, leaderEpoch=0, isr=0, zkVersion=0, replicas=0, isNew=false) to broker 0 for partition UserOrders-0 (state.change.logger)
[2019-11-08 14:34:48,315] TRACE [Controller id=0 epoch=82] Sending become-leader LeaderAndIsr request PartitionState(controllerEpoch=1, leader=0, leaderEpoch=0, isr=0, zkVersion=0, replicas=0, isNew=false) to broker 0 for partition search-0 (state.change.logger)
[2019-11-08 14:34:48,315] TRACE [Controller id=0 epoch=82] Sending become-leader LeaderAndIsr request PartitionState(controllerEpoch=3, leader=0, leaderEpoch=0, isr=0, zkVersion=0, replicas=0, isNew=false) to broker 0 for partition OwnerSignUp-0 (state.change.logger)
[2019-11-08 14:34:48,315] TRACE [Controller id=0 epoch=82] Sending become-leader LeaderAndIsr request PartitionState(controllerEpoch=1, leader=0, leaderEpoch=0, isr=0, zkVersion=0, replicas=0, isNew=false) to broker 0 for partition UserSignUp-0 (state.change.logger)
[2019-11-08 14:34:48,315] TRACE [Controller id=0 epoch=82] Sending become-leader LeaderAndIsr request PartitionState(controllerEpoch=1, leader=0, leaderEpoch=0, isr=0, zkVersion=0, replicas=0, isNew=false) to broker 0 for partition DisplayUserProfile-0 (state.change.logger)
[2019-11-08 14:34:48,315] TRACE [Controller id=0 epoch=82] Sending become-leader LeaderAndIsr request PartitionState(controllerEpoch=1, leader=0, leaderEpoch=0, isr=0, zkVersion=0, replicas=0, isNew=false) to broker 0 for partition response_topic-0 (state.change.logger)
[2019-11-08 14:34:48,315] TRACE [Controller id=0 epoch=82] Sending become-leader LeaderAndIsr request PartitionState(controllerEpoch=3, leader=0, leaderEpoch=0, isr=0, zkVersion=0, replicas=0, isNew=false) to broker 0 for partition AddCategory-0 (state.change.logger)
[2019-11-08 14:34:48,317] TRACE [Controller id=0 epoch=82] Sending UpdateMetadata request PartitionState(controllerEpoch=3, leader=0, leaderEpoch=0, isr=[0], zkVersion=0, replicas=[0], offlineReplicas=[]) to brokers Set(0) for partition DeleteItem-0 (state.change.logger)
[2019-11-08 14:34:48,318] TRACE [Controller id=0 epoch=82] Sending UpdateMetadata request PartitionState(controllerEpoch=1, leader=0, leaderEpoch=0, isr=[0], zkVersion=0, replicas=[0], offlineReplicas=[]) to brokers Set(0) for partition Login-0 (state.change.logger)
[2019-11-08 14:34:48,318] TRACE [Controller id=0 epoch=82] Sending UpdateMetadata request PartitionState(controllerEpoch=13, leader=0, leaderEpoch=0, isr=[0], zkVersion=0, replicas=[0], offlineReplicas=[]) to brokers Set(0) for partition UpdateUserProfile-0 (state.change.logger)
[2019-11-08 14:34:48,318] TRACE [Controller id=0 epoch=82] Sending UpdateMetadata request PartitionState(controllerEpoch=1, leader=0, leaderEpoch=0, isr=[0], zkVersion=0, replicas=[0], offlineReplicas=[]) to brokers Set(0) for partition UserLogin-0 (state.change.logger)
[2019-11-08 14:34:48,318] TRACE [Controller id=0 epoch=82] Sending UpdateMetadata request PartitionState(controllerEpoch=14, leader=0, leaderEpoch=0, isr=[0], zkVersion=0, replicas=[0], offlineReplicas=[]) to brokers Set(0) for partition FetchItems-0 (state.change.logger)
[2019-11-08 14:34:48,318] TRACE [Controller id=0 epoch=82] Sending UpdateMetadata request PartitionState(controllerEpoch=1, leader=0, leaderEpoch=0, isr=[0], zkVersion=0, replicas=[0], offlineReplicas=[]) to brokers Set(0) for partition PlaceOrder-0 (state.change.logger)
[2019-11-08 14:34:48,318] TRACE [Controller id=0 epoch=82] Sending UpdateMetadata request PartitionState(controllerEpoch=13, leader=0, leaderEpoch=0, isr=[0], zkVersion=0, replicas=[0], offlineReplicas=[]) to brokers Set(0) for partition OrderStatus-0 (state.change.logger)
[2019-11-08 14:34:48,318] TRACE [Controller id=0 epoch=82] Sending UpdateMetadata request PartitionState(controllerEpoch=14, leader=0, leaderEpoch=0, isr=[0], zkVersion=0, replicas=[0], offlineReplicas=[]) to brokers Set(0) for partition DisplayOwnerProfile-0 (state.change.logger)
[2019-11-08 14:34:48,318] TRACE [Controller id=0 epoch=82] Sending UpdateMetadata request PartitionState(controllerEpoch=13, leader=0, leaderEpoch=0, isr=[0], zkVersion=0, replicas=[0], offlineReplicas=[]) to brokers Set(0) for partition RestaurantOrders-0 (state.change.logger)
[2019-11-08 14:34:48,318] TRACE [Controller id=0 epoch=82] Sending UpdateMetadata request PartitionState(controllerEpoch=14, leader=0, leaderEpoch=0, isr=[0], zkVersion=0, replicas=[0], offlineReplicas=[]) to brokers Set(0) for partition Updateitem-0 (state.change.logger)
[2019-11-08 14:34:48,318] TRACE [Controller id=0 epoch=82] Sending UpdateMetadata request PartitionState(controllerEpoch=14, leader=0, leaderEpoch=0, isr=[0], zkVersion=0, replicas=[0], offlineReplicas=[]) to brokers Set(0) for partition AddItems-0 (state.change.logger)
[2019-11-08 14:34:48,318] TRACE [Controller id=0 epoch=82] Sending UpdateMetadata request PartitionState(controllerEpoch=1, leader=0, leaderEpoch=0, isr=[0], zkVersion=0, replicas=[0], offlineReplicas=[]) to brokers Set(0) for partition UserOrders-0 (state.change.logger)
[2019-11-08 14:34:48,318] TRACE [Controller id=0 epoch=82] Sending UpdateMetadata request PartitionState(controllerEpoch=1, leader=0, leaderEpoch=0, isr=[0], zkVersion=0, replicas=[0], offlineReplicas=[]) to brokers Set(0) for partition search-0 (state.change.logger)
[2019-11-08 14:34:48,318] TRACE [Controller id=0 epoch=82] Sending UpdateMetadata request PartitionState(controllerEpoch=3, leader=0, leaderEpoch=0, isr=[0], zkVersion=0, replicas=[0], offlineReplicas=[]) to brokers Set(0) for partition OwnerSignUp-0 (state.change.logger)
[2019-11-08 14:34:48,318] TRACE [Controller id=0 epoch=82] Sending UpdateMetadata request PartitionState(controllerEpoch=1, leader=0, leaderEpoch=0, isr=[0], zkVersion=0, replicas=[0], offlineReplicas=[]) to brokers Set(0) for partition UserSignUp-0 (state.change.logger)
[2019-11-08 14:34:48,318] TRACE [Controller id=0 epoch=82] Sending UpdateMetadata request PartitionState(controllerEpoch=1, leader=0, leaderEpoch=0, isr=[0], zkVersion=0, replicas=[0], offlineReplicas=[]) to brokers Set(0) for partition DisplayUserProfile-0 (state.change.logger)
[2019-11-08 14:34:48,318] TRACE [Controller id=0 epoch=82] Sending UpdateMetadata request PartitionState(controllerEpoch=1, leader=0, leaderEpoch=0, isr=[0], zkVersion=0, replicas=[0], offlineReplicas=[]) to brokers Set(0) for partition response_topic-0 (state.change.logger)
[2019-11-08 14:34:48,318] TRACE [Controller id=0 epoch=82] Sending UpdateMetadata request PartitionState(controllerEpoch=3, leader=0, leaderEpoch=0, isr=[0], zkVersion=0, replicas=[0], offlineReplicas=[]) to brokers Set(0) for partition AddCategory-0 (state.change.logger)
[2019-11-08 14:34:48,322] TRACE [Broker id=0] Received LeaderAndIsr request PartitionState(controllerEpoch=1, leader=0, leaderEpoch=0, isr=0, zkVersion=0, replicas=0, isNew=false) correlation id 1 from controller 0 epoch 82 for partition DisplayUserProfile-0 (state.change.logger)
[2019-11-08 14:34:48,322] TRACE [Broker id=0] Received LeaderAndIsr request PartitionState(controllerEpoch=3, leader=0, leaderEpoch=0, isr=0, zkVersion=0, replicas=0, isNew=false) correlation id 1 from controller 0 epoch 82 for partition DeleteItem-0 (state.change.logger)
[2019-11-08 14:34:48,322] TRACE [Broker id=0] Received LeaderAndIsr request PartitionState(controllerEpoch=14, leader=0, leaderEpoch=0, isr=0, zkVersion=0, replicas=0, isNew=false) correlation id 1 from controller 0 epoch 82 for partition DisplayOwnerProfile-0 (state.change.logger)
[2019-11-08 14:34:48,322] TRACE [Broker id=0] Received LeaderAndIsr request PartitionState(controllerEpoch=14, leader=0, leaderEpoch=0, isr=0, zkVersion=0, replicas=0, isNew=false) correlation id 1 from controller 0 epoch 82 for partition Updateitem-0 (state.change.logger)
[2019-11-08 14:34:48,322] TRACE [Broker id=0] Received LeaderAndIsr request PartitionState(controllerEpoch=1, leader=0, leaderEpoch=0, isr=0, zkVersion=0, replicas=0, isNew=false) correlation id 1 from controller 0 epoch 82 for partition Login-0 (state.change.logger)
[2019-11-08 14:34:48,322] TRACE [Broker id=0] Received LeaderAndIsr request PartitionState(controllerEpoch=1, leader=0, leaderEpoch=0, isr=0, zkVersion=0, replicas=0, isNew=false) correlation id 1 from controller 0 epoch 82 for partition UserOrders-0 (state.change.logger)
[2019-11-08 14:34:48,322] TRACE [Broker id=0] Received LeaderAndIsr request PartitionState(controllerEpoch=1, leader=0, leaderEpoch=0, isr=0, zkVersion=0, replicas=0, isNew=false) correlation id 1 from controller 0 epoch 82 for partition response_topic-0 (state.change.logger)
[2019-11-08 14:34:48,322] TRACE [Broker id=0] Received LeaderAndIsr request PartitionState(controllerEpoch=13, leader=0, leaderEpoch=0, isr=0, zkVersion=0, replicas=0, isNew=false) correlation id 1 from controller 0 epoch 82 for partition UpdateUserProfile-0 (state.change.logger)
[2019-11-08 14:34:48,322] TRACE [Broker id=0] Received LeaderAndIsr request PartitionState(controllerEpoch=13, leader=0, leaderEpoch=0, isr=0, zkVersion=0, replicas=0, isNew=false) correlation id 1 from controller 0 epoch 82 for partition OrderStatus-0 (state.change.logger)
[2019-11-08 14:34:48,322] TRACE [Broker id=0] Received LeaderAndIsr request PartitionState(controllerEpoch=1, leader=0, leaderEpoch=0, isr=0, zkVersion=0, replicas=0, isNew=false) correlation id 1 from controller 0 epoch 82 for partition search-0 (state.change.logger)
[2019-11-08 14:34:48,322] TRACE [Broker id=0] Received LeaderAndIsr request PartitionState(controllerEpoch=1, leader=0, leaderEpoch=0, isr=0, zkVersion=0, replicas=0, isNew=false) correlation id 1 from controller 0 epoch 82 for partition UserSignUp-0 (state.change.logger)
[2019-11-08 14:34:48,322] TRACE [Broker id=0] Received LeaderAndIsr request PartitionState(controllerEpoch=13, leader=0, leaderEpoch=0, isr=0, zkVersion=0, replicas=0, isNew=false) correlation id 1 from controller 0 epoch 82 for partition RestaurantOrders-0 (state.change.logger)
[2019-11-08 14:34:48,322] TRACE [Broker id=0] Received LeaderAndIsr request PartitionState(controllerEpoch=3, leader=0, leaderEpoch=0, isr=0, zkVersion=0, replicas=0, isNew=false) correlation id 1 from controller 0 epoch 82 for partition OwnerSignUp-0 (state.change.logger)
[2019-11-08 14:34:48,322] TRACE [Broker id=0] Received LeaderAndIsr request PartitionState(controllerEpoch=3, leader=0, leaderEpoch=0, isr=0, zkVersion=0, replicas=0, isNew=false) correlation id 1 from controller 0 epoch 82 for partition AddCategory-0 (state.change.logger)
[2019-11-08 14:34:48,322] TRACE [Broker id=0] Received LeaderAndIsr request PartitionState(controllerEpoch=14, leader=0, leaderEpoch=0, isr=0, zkVersion=0, replicas=0, isNew=false) correlation id 1 from controller 0 epoch 82 for partition AddItems-0 (state.change.logger)
[2019-11-08 14:34:48,322] TRACE [Broker id=0] Received LeaderAndIsr request PartitionState(controllerEpoch=1, leader=0, leaderEpoch=0, isr=0, zkVersion=0, replicas=0, isNew=false) correlation id 1 from controller 0 epoch 82 for partition PlaceOrder-0 (state.change.logger)
[2019-11-08 14:34:48,322] TRACE [Broker id=0] Received LeaderAndIsr request PartitionState(controllerEpoch=1, leader=0, leaderEpoch=0, isr=0, zkVersion=0, replicas=0, isNew=false) correlation id 1 from controller 0 epoch 82 for partition UserLogin-0 (state.change.logger)
[2019-11-08 14:34:48,322] TRACE [Broker id=0] Received LeaderAndIsr request PartitionState(controllerEpoch=14, leader=0, leaderEpoch=0, isr=0, zkVersion=0, replicas=0, isNew=false) correlation id 1 from controller 0 epoch 82 for partition FetchItems-0 (state.change.logger)
[2019-11-08 14:34:48,336] TRACE [Broker id=0] Handling LeaderAndIsr request correlationId 1 from controller 0 epoch 82 starting the become-leader transition for partition DeleteItem-0 (state.change.logger)
[2019-11-08 14:34:48,336] TRACE [Broker id=0] Handling LeaderAndIsr request correlationId 1 from controller 0 epoch 82 starting the become-leader transition for partition UserLogin-0 (state.change.logger)
[2019-11-08 14:34:48,336] TRACE [Broker id=0] Handling LeaderAndIsr request correlationId 1 from controller 0 epoch 82 starting the become-leader transition for partition Login-0 (state.change.logger)
[2019-11-08 14:34:48,336] TRACE [Broker id=0] Handling LeaderAndIsr request correlationId 1 from controller 0 epoch 82 starting the become-leader transition for partition FetchItems-0 (state.change.logger)
[2019-11-08 14:34:48,336] TRACE [Broker id=0] Handling LeaderAndIsr request correlationId 1 from controller 0 epoch 82 starting the become-leader transition for partition OrderStatus-0 (state.change.logger)
[2019-11-08 14:34:48,336] TRACE [Broker id=0] Handling LeaderAndIsr request correlationId 1 from controller 0 epoch 82 starting the become-leader transition for partition Updateitem-0 (state.change.logger)
[2019-11-08 14:34:48,336] TRACE [Broker id=0] Handling LeaderAndIsr request correlationId 1 from controller 0 epoch 82 starting the become-leader transition for partition UpdateUserProfile-0 (state.change.logger)
[2019-11-08 14:34:48,336] TRACE [Broker id=0] Handling LeaderAndIsr request correlationId 1 from controller 0 epoch 82 starting the become-leader transition for partition PlaceOrder-0 (state.change.logger)
[2019-11-08 14:34:48,336] TRACE [Broker id=0] Handling LeaderAndIsr request correlationId 1 from controller 0 epoch 82 starting the become-leader transition for partition DisplayOwnerProfile-0 (state.change.logger)
[2019-11-08 14:34:48,336] TRACE [Broker id=0] Handling LeaderAndIsr request correlationId 1 from controller 0 epoch 82 starting the become-leader transition for partition search-0 (state.change.logger)
[2019-11-08 14:34:48,336] TRACE [Broker id=0] Handling LeaderAndIsr request correlationId 1 from controller 0 epoch 82 starting the become-leader transition for partition RestaurantOrders-0 (state.change.logger)
[2019-11-08 14:34:48,336] TRACE [Broker id=0] Handling LeaderAndIsr request correlationId 1 from controller 0 epoch 82 starting the become-leader transition for partition AddItems-0 (state.change.logger)
[2019-11-08 14:34:48,336] TRACE [Broker id=0] Handling LeaderAndIsr request correlationId 1 from controller 0 epoch 82 starting the become-leader transition for partition UserOrders-0 (state.change.logger)
[2019-11-08 14:34:48,336] TRACE [Broker id=0] Handling LeaderAndIsr request correlationId 1 from controller 0 epoch 82 starting the become-leader transition for partition OwnerSignUp-0 (state.change.logger)
[2019-11-08 14:34:48,336] TRACE [Broker id=0] Handling LeaderAndIsr request correlationId 1 from controller 0 epoch 82 starting the become-leader transition for partition DisplayUserProfile-0 (state.change.logger)
[2019-11-08 14:34:48,336] TRACE [Broker id=0] Handling LeaderAndIsr request correlationId 1 from controller 0 epoch 82 starting the become-leader transition for partition response_topic-0 (state.change.logger)
[2019-11-08 14:34:48,336] TRACE [Broker id=0] Handling LeaderAndIsr request correlationId 1 from controller 0 epoch 82 starting the become-leader transition for partition UserSignUp-0 (state.change.logger)
[2019-11-08 14:34:48,336] TRACE [Broker id=0] Handling LeaderAndIsr request correlationId 1 from controller 0 epoch 82 starting the become-leader transition for partition AddCategory-0 (state.change.logger)
[2019-11-08 14:34:48,360] TRACE [Broker id=0] Stopped fetchers as part of become-leader request from controller 0 epoch 82 with correlation id 1 for partition DeleteItem-0 (last update controller epoch 3) (state.change.logger)
[2019-11-08 14:34:48,362] TRACE [Broker id=0] Stopped fetchers as part of become-leader request from controller 0 epoch 82 with correlation id 1 for partition UserLogin-0 (last update controller epoch 1) (state.change.logger)
[2019-11-08 14:34:48,364] TRACE [Broker id=0] Stopped fetchers as part of become-leader request from controller 0 epoch 82 with correlation id 1 for partition Login-0 (last update controller epoch 1) (state.change.logger)
[2019-11-08 14:34:48,366] TRACE [Broker id=0] Stopped fetchers as part of become-leader request from controller 0 epoch 82 with correlation id 1 for partition FetchItems-0 (last update controller epoch 14) (state.change.logger)
[2019-11-08 14:34:48,368] TRACE [Broker id=0] Stopped fetchers as part of become-leader request from controller 0 epoch 82 with correlation id 1 for partition OrderStatus-0 (last update controller epoch 13) (state.change.logger)
[2019-11-08 14:34:48,371] TRACE [Broker id=0] Stopped fetchers as part of become-leader request from controller 0 epoch 82 with correlation id 1 for partition Updateitem-0 (last update controller epoch 14) (state.change.logger)
[2019-11-08 14:34:48,373] TRACE [Broker id=0] Stopped fetchers as part of become-leader request from controller 0 epoch 82 with correlation id 1 for partition UpdateUserProfile-0 (last update controller epoch 13) (state.change.logger)
[2019-11-08 14:34:48,375] TRACE [Broker id=0] Stopped fetchers as part of become-leader request from controller 0 epoch 82 with correlation id 1 for partition PlaceOrder-0 (last update controller epoch 1) (state.change.logger)
[2019-11-08 14:34:48,377] TRACE [Broker id=0] Stopped fetchers as part of become-leader request from controller 0 epoch 82 with correlation id 1 for partition DisplayOwnerProfile-0 (last update controller epoch 14) (state.change.logger)
[2019-11-08 14:34:48,378] TRACE [Broker id=0] Stopped fetchers as part of become-leader request from controller 0 epoch 82 with correlation id 1 for partition search-0 (last update controller epoch 1) (state.change.logger)
[2019-11-08 14:34:48,380] TRACE [Broker id=0] Stopped fetchers as part of become-leader request from controller 0 epoch 82 with correlation id 1 for partition RestaurantOrders-0 (last update controller epoch 13) (state.change.logger)
[2019-11-08 14:34:48,382] TRACE [Broker id=0] Stopped fetchers as part of become-leader request from controller 0 epoch 82 with correlation id 1 for partition AddItems-0 (last update controller epoch 14) (state.change.logger)
[2019-11-08 14:34:48,384] TRACE [Broker id=0] Stopped fetchers as part of become-leader request from controller 0 epoch 82 with correlation id 1 for partition UserOrders-0 (last update controller epoch 1) (state.change.logger)
[2019-11-08 14:34:48,386] TRACE [Broker id=0] Stopped fetchers as part of become-leader request from controller 0 epoch 82 with correlation id 1 for partition OwnerSignUp-0 (last update controller epoch 3) (state.change.logger)
[2019-11-08 14:34:48,388] TRACE [Broker id=0] Stopped fetchers as part of become-leader request from controller 0 epoch 82 with correlation id 1 for partition DisplayUserProfile-0 (last update controller epoch 1) (state.change.logger)
[2019-11-08 14:34:48,390] TRACE [Broker id=0] Stopped fetchers as part of become-leader request from controller 0 epoch 82 with correlation id 1 for partition response_topic-0 (last update controller epoch 1) (state.change.logger)
[2019-11-08 14:34:48,392] TRACE [Broker id=0] Stopped fetchers as part of become-leader request from controller 0 epoch 82 with correlation id 1 for partition UserSignUp-0 (last update controller epoch 1) (state.change.logger)
[2019-11-08 14:34:48,394] TRACE [Broker id=0] Stopped fetchers as part of become-leader request from controller 0 epoch 82 with correlation id 1 for partition AddCategory-0 (last update controller epoch 3) (state.change.logger)
[2019-11-08 14:34:48,395] TRACE [Broker id=0] Completed LeaderAndIsr request correlationId 1 from controller 0 epoch 82 for the become-leader transition for partition DeleteItem-0 (state.change.logger)
[2019-11-08 14:34:48,395] TRACE [Broker id=0] Completed LeaderAndIsr request correlationId 1 from controller 0 epoch 82 for the become-leader transition for partition UserLogin-0 (state.change.logger)
[2019-11-08 14:34:48,395] TRACE [Broker id=0] Completed LeaderAndIsr request correlationId 1 from controller 0 epoch 82 for the become-leader transition for partition Login-0 (state.change.logger)
[2019-11-08 14:34:48,395] TRACE [Broker id=0] Completed LeaderAndIsr request correlationId 1 from controller 0 epoch 82 for the become-leader transition for partition FetchItems-0 (state.change.logger)
[2019-11-08 14:34:48,395] TRACE [Broker id=0] Completed LeaderAndIsr request correlationId 1 from controller 0 epoch 82 for the become-leader transition for partition OrderStatus-0 (state.change.logger)
[2019-11-08 14:34:48,395] TRACE [Broker id=0] Completed LeaderAndIsr request correlationId 1 from controller 0 epoch 82 for the become-leader transition for partition Updateitem-0 (state.change.logger)
[2019-11-08 14:34:48,395] TRACE [Broker id=0] Completed LeaderAndIsr request correlationId 1 from controller 0 epoch 82 for the become-leader transition for partition UpdateUserProfile-0 (state.change.logger)
[2019-11-08 14:34:48,395] TRACE [Broker id=0] Completed LeaderAndIsr request correlationId 1 from controller 0 epoch 82 for the become-leader transition for partition PlaceOrder-0 (state.change.logger)
[2019-11-08 14:34:48,395] TRACE [Broker id=0] Completed LeaderAndIsr request correlationId 1 from controller 0 epoch 82 for the become-leader transition for partition DisplayOwnerProfile-0 (state.change.logger)
[2019-11-08 14:34:48,395] TRACE [Broker id=0] Completed LeaderAndIsr request correlationId 1 from controller 0 epoch 82 for the become-leader transition for partition search-0 (state.change.logger)
[2019-11-08 14:34:48,395] TRACE [Broker id=0] Completed LeaderAndIsr request correlationId 1 from controller 0 epoch 82 for the become-leader transition for partition RestaurantOrders-0 (state.change.logger)
[2019-11-08 14:34:48,395] TRACE [Broker id=0] Completed LeaderAndIsr request correlationId 1 from controller 0 epoch 82 for the become-leader transition for partition AddItems-0 (state.change.logger)
[2019-11-08 14:34:48,395] TRACE [Broker id=0] Completed LeaderAndIsr request correlationId 1 from controller 0 epoch 82 for the become-leader transition for partition UserOrders-0 (state.change.logger)
[2019-11-08 14:34:48,395] TRACE [Broker id=0] Completed LeaderAndIsr request correlationId 1 from controller 0 epoch 82 for the become-leader transition for partition OwnerSignUp-0 (state.change.logger)
[2019-11-08 14:34:48,395] TRACE [Broker id=0] Completed LeaderAndIsr request correlationId 1 from controller 0 epoch 82 for the become-leader transition for partition DisplayUserProfile-0 (state.change.logger)
[2019-11-08 14:34:48,395] TRACE [Broker id=0] Completed LeaderAndIsr request correlationId 1 from controller 0 epoch 82 for the become-leader transition for partition response_topic-0 (state.change.logger)
[2019-11-08 14:34:48,395] TRACE [Broker id=0] Completed LeaderAndIsr request correlationId 1 from controller 0 epoch 82 for the become-leader transition for partition UserSignUp-0 (state.change.logger)
[2019-11-08 14:34:48,395] TRACE [Broker id=0] Completed LeaderAndIsr request correlationId 1 from controller 0 epoch 82 for the become-leader transition for partition AddCategory-0 (state.change.logger)
[2019-11-08 14:34:48,407] TRACE [Controller id=0 epoch=82] Received response {error_code=0,partitions=[{topic=DisplayUserProfile,partition=0,error_code=0},{topic=DeleteItem,partition=0,error_code=0},{topic=DisplayOwnerProfile,partition=0,error_code=0},{topic=Updateitem,partition=0,error_code=0},{topic=Login,partition=0,error_code=0},{topic=UserOrders,partition=0,error_code=0},{topic=response_topic,partition=0,error_code=0},{topic=UpdateUserProfile,partition=0,error_code=0},{topic=OrderStatus,partition=0,error_code=0},{topic=search,partition=0,error_code=0},{topic=UserSignUp,partition=0,error_code=0},{topic=RestaurantOrders,partition=0,error_code=0},{topic=OwnerSignUp,partition=0,error_code=0},{topic=AddCategory,partition=0,error_code=0},{topic=AddItems,partition=0,error_code=0},{topic=PlaceOrder,partition=0,error_code=0},{topic=UserLogin,partition=0,error_code=0},{topic=FetchItems,partition=0,error_code=0}]} for request LEADER_AND_ISR with correlation id 1 sent to broker 10.251.16.206:9092 (id: 0 rack: null) (state.change.logger)
[2019-11-08 14:34:48,410] TRACE [Broker id=0] Cached leader info PartitionState(controllerEpoch=1, leader=0, leaderEpoch=0, isr=[0], zkVersion=0, replicas=[0], offlineReplicas=[]) for partition DisplayUserProfile-0 in response to UpdateMetadata request sent by controller 0 epoch 82 with correlation id 2 (state.change.logger)
[2019-11-08 14:34:48,410] TRACE [Broker id=0] Cached leader info PartitionState(controllerEpoch=14, leader=0, leaderEpoch=0, isr=[0], zkVersion=0, replicas=[0], offlineReplicas=[]) for partition Updateitem-0 in response to UpdateMetadata request sent by controller 0 epoch 82 with correlation id 2 (state.change.logger)
[2019-11-08 14:34:48,410] TRACE [Broker id=0] Cached leader info PartitionState(controllerEpoch=14, leader=0, leaderEpoch=0, isr=[0], zkVersion=0, replicas=[0], offlineReplicas=[]) for partition DisplayOwnerProfile-0 in response to UpdateMetadata request sent by controller 0 epoch 82 with correlation id 2 (state.change.logger)
[2019-11-08 14:34:48,410] TRACE [Broker id=0] Cached leader info PartitionState(controllerEpoch=3, leader=0, leaderEpoch=0, isr=[0], zkVersion=0, replicas=[0], offlineReplicas=[]) for partition DeleteItem-0 in response to UpdateMetadata request sent by controller 0 epoch 82 with correlation id 2 (state.change.logger)
[2019-11-08 14:34:48,411] TRACE [Broker id=0] Cached leader info PartitionState(controllerEpoch=1, leader=0, leaderEpoch=0, isr=[0], zkVersion=0, replicas=[0], offlineReplicas=[]) for partition Login-0 in response to UpdateMetadata request sent by controller 0 epoch 82 with correlation id 2 (state.change.logger)
[2019-11-08 14:34:48,411] TRACE [Broker id=0] Cached leader info PartitionState(controllerEpoch=1, leader=0, leaderEpoch=0, isr=[0], zkVersion=0, replicas=[0], offlineReplicas=[]) for partition UserOrders-0 in response to UpdateMetadata request sent by controller 0 epoch 82 with correlation id 2 (state.change.logger)
[2019-11-08 14:34:48,411] TRACE [Broker id=0] Cached leader info PartitionState(controllerEpoch=1, leader=0, leaderEpoch=0, isr=[0], zkVersion=0, replicas=[0], offlineReplicas=[]) for partition response_topic-0 in response to UpdateMetadata request sent by controller 0 epoch 82 with correlation id 2 (state.change.logger)
[2019-11-08 14:34:48,411] TRACE [Broker id=0] Cached leader info PartitionState(controllerEpoch=13, leader=0, leaderEpoch=0, isr=[0], zkVersion=0, replicas=[0], offlineReplicas=[]) for partition UpdateUserProfile-0 in response to UpdateMetadata request sent by controller 0 epoch 82 with correlation id 2 (state.change.logger)
[2019-11-08 14:34:48,411] TRACE [Broker id=0] Cached leader info PartitionState(controllerEpoch=13, leader=0, leaderEpoch=0, isr=[0], zkVersion=0, replicas=[0], offlineReplicas=[]) for partition OrderStatus-0 in response to UpdateMetadata request sent by controller 0 epoch 82 with correlation id 2 (state.change.logger)
[2019-11-08 14:34:48,411] TRACE [Broker id=0] Cached leader info PartitionState(controllerEpoch=1, leader=0, leaderEpoch=0, isr=[0], zkVersion=0, replicas=[0], offlineReplicas=[]) for partition UserSignUp-0 in response to UpdateMetadata request sent by controller 0 epoch 82 with correlation id 2 (state.change.logger)
[2019-11-08 14:34:48,411] TRACE [Broker id=0] Cached leader info PartitionState(controllerEpoch=1, leader=0, leaderEpoch=0, isr=[0], zkVersion=0, replicas=[0], offlineReplicas=[]) for partition search-0 in response to UpdateMetadata request sent by controller 0 epoch 82 with correlation id 2 (state.change.logger)
[2019-11-08 14:34:48,411] TRACE [Broker id=0] Cached leader info PartitionState(controllerEpoch=3, leader=0, leaderEpoch=0, isr=[0], zkVersion=0, replicas=[0], offlineReplicas=[]) for partition OwnerSignUp-0 in response to UpdateMetadata request sent by controller 0 epoch 82 with correlation id 2 (state.change.logger)
[2019-11-08 14:34:48,411] TRACE [Broker id=0] Cached leader info PartitionState(controllerEpoch=13, leader=0, leaderEpoch=0, isr=[0], zkVersion=0, replicas=[0], offlineReplicas=[]) for partition RestaurantOrders-0 in response to UpdateMetadata request sent by controller 0 epoch 82 with correlation id 2 (state.change.logger)
[2019-11-08 14:34:48,411] TRACE [Broker id=0] Cached leader info PartitionState(controllerEpoch=3, leader=0, leaderEpoch=0, isr=[0], zkVersion=0, replicas=[0], offlineReplicas=[]) for partition AddCategory-0 in response to UpdateMetadata request sent by controller 0 epoch 82 with correlation id 2 (state.change.logger)
[2019-11-08 14:34:48,411] TRACE [Broker id=0] Cached leader info PartitionState(controllerEpoch=14, leader=0, leaderEpoch=0, isr=[0], zkVersion=0, replicas=[0], offlineReplicas=[]) for partition AddItems-0 in response to UpdateMetadata request sent by controller 0 epoch 82 with correlation id 2 (state.change.logger)
[2019-11-08 14:34:48,411] TRACE [Broker id=0] Cached leader info PartitionState(controllerEpoch=1, leader=0, leaderEpoch=0, isr=[0], zkVersion=0, replicas=[0], offlineReplicas=[]) for partition PlaceOrder-0 in response to UpdateMetadata request sent by controller 0 epoch 82 with correlation id 2 (state.change.logger)
[2019-11-08 14:34:48,411] TRACE [Broker id=0] Cached leader info PartitionState(controllerEpoch=14, leader=0, leaderEpoch=0, isr=[0], zkVersion=0, replicas=[0], offlineReplicas=[]) for partition FetchItems-0 in response to UpdateMetadata request sent by controller 0 epoch 82 with correlation id 2 (state.change.logger)
[2019-11-08 14:34:48,411] TRACE [Broker id=0] Cached leader info PartitionState(controllerEpoch=1, leader=0, leaderEpoch=0, isr=[0], zkVersion=0, replicas=[0], offlineReplicas=[]) for partition UserLogin-0 in response to UpdateMetadata request sent by controller 0 epoch 82 with correlation id 2 (state.change.logger)
[2019-11-08 14:34:48,411] TRACE [Controller id=0 epoch=82] Received response {error_code=0} for request UPDATE_METADATA with correlation id 2 sent to broker 10.251.16.206:9092 (id: 0 rack: null) (state.change.logger)
